<?xml version="1.0" encoding="UTF-8" ?>
<testsuite tests="6" failures="0" name="jenkins.CalculatorTest" time="0.004" errors="0" skipped="0">
  <properties>
[...]
</properties>
  <testcase classname="jenkins.CalculatorTest" name="subTest" time="0.004"/>
  <testcase classname="jenkins.CalculatorTest" name="subTest_aNull" time="0"/>
  <testcase classname="jenkins.CalculatorTest" name="subTest_bNull" time="0"/>
  <testcase classname="jenkins.CalculatorTest" name="addTest" time="0"/>
  <testcase classname="jenkins.CalculatorTest" name="addTest_aNull" time="0"/>
  <testcase classname="jenkins.CalculatorTest" name="addTest_bNull" time="0"/>
</testsuite>